<?xml version="1.0" encoding="utf-8"?>
<db:Database xmlns:db="http://tempuri.org/database.xsd" modified="2021-04-18T12:59:10">
  <db:Availabilities>
    <db:Availability id="2" startDate="2021-04-18T10:00:00" endDate="2021-04-18T12:00:00" pwz="123457" />
    <db:Availability id="3" startDate="2021-04-19T09:00:00" endDate="2021-04-19T12:00:00" pwz="123456" />
  </db:Availabilities>
  <db:Doctors>
    <db:Doctor firstName="Andrzej" lastName="Grabowski" pwz="123456">
      <db:Specializations>
        <db:Specialization specialization="0" />
        <db:Specialization specialization="1" />
        <db:Specialization specialization="2" />
      </db:Specializations>
    </db:Doctor>
    <db:Doctor firstName="Agata" lastName="Serowska" pwz="123457">
      <db:Specializations>
        <db:Specialization specialization="5" />
        <db:Specialization specialization="3" />
        <db:Specialization specialization="4" />
      </db:Specializations>
    </db:Doctor>
  </db:Doctors>
</db:Database>